d:\repos\msdsm\src\x64\debug\precomp.pch
d:\repos\msdsm\src\x64\debug\vc140.pdb
d:\repos\msdsm\src\x64\debug\precompsrc.obj
d:\repos\msdsm\src\x64\debug\wmi.obj
d:\repos\msdsm\src\x64\debug\utils.obj
d:\repos\msdsm\src\x64\debug\dsmmain.obj
d:\repos\msdsm\src\x64\debug\intrface.obj
d:\repos\msdsm\src\x64\debug\dsmtrace.bmf
d:\repos\msdsm\src\x64\debug\msdsm.bmf
d:\repos\msdsm\src\x64\debug\msdsmdsm.bmf
d:\repos\msdsm\src\x64\debug\sampledsm.inf
d:\repos\msdsm\src\x64\debug\dsmmain.tmh
d:\repos\msdsm\src\x64\debug\intrface.tmh
d:\repos\msdsm\src\x64\debug\utils.tmh
d:\repos\msdsm\src\x64\debug\wmi.tmh
d:\repos\msdsm\src\x64\debug\precompsrc.tmh
d:\repos\msdsm\src\x64\debug\msdsmwmi.h
d:\repos\msdsm\src\x64\debug\msdsm.vbs
d:\repos\msdsm\src\x64\debug\htm\index.htm
d:\repos\msdsm\src\x64\debug\htm\msdsm_device_perf.htm
d:\repos\msdsm\src\x64\debug\htm\msdsm_wmi_methods.htm
d:\repos\msdsm\src\x64\debug\msdsmdsm.h
d:\repos\msdsm\src\x64\debug\msdsmdsm.vbs
d:\repos\msdsm\src\x64\debug\htm\msdsm_default_load_balance_policy.htm
d:\repos\msdsm\src\x64\debug\htm\msdsm_targets_default_load_balance_policy.htm
d:\repos\msdsm\src\x64\debug\htm\msdsm_supported_devices_list.htm
d:\repos\msdsm\src\x64\debug\sampledsm.pdb
d:\repos\msdsm\src\x64\debug\sampledsm.sys
d:\repos\msdsm\src\x64\debug\sampledsm.tlog\cl.command.1.tlog
d:\repos\msdsm\src\x64\debug\sampledsm.tlog\cl.read.1.tlog
d:\repos\msdsm\src\x64\debug\sampledsm.tlog\cl.write.1.tlog
d:\repos\msdsm\src\x64\debug\sampledsm.tlog\link.command.1.tlog
d:\repos\msdsm\src\x64\debug\sampledsm.tlog\link.read.1.tlog
d:\repos\msdsm\src\x64\debug\sampledsm.tlog\mofcomp.command.1.tlog
d:\repos\msdsm\src\x64\debug\sampledsm.tlog\mofcomp.read.1.tlog
d:\repos\msdsm\src\x64\debug\sampledsm.tlog\mofcomp.write.1.tlog
d:\repos\msdsm\src\x64\debug\sampledsm.tlog\stampinf.command.1.tlog
d:\repos\msdsm\src\x64\debug\sampledsm.tlog\stampinf.read.1.tlog
d:\repos\msdsm\src\x64\debug\sampledsm.tlog\stampinf.write.1.tlog
d:\repos\msdsm\src\x64\debug\sampledsm.tlog\tracewpp.command.1.tlog
d:\repos\msdsm\src\x64\debug\sampledsm.tlog\tracewpp.read.1.tlog
d:\repos\msdsm\src\x64\debug\sampledsm.tlog\tracewpp.write.1.tlog
d:\repos\msdsm\src\x64\debug\sampledsm.tlog\wmimofck.command.1.tlog
d:\repos\msdsm\src\x64\debug\sampledsm.tlog\wmimofck.read.1.tlog
d:\repos\msdsm\src\x64\debug\sampledsm.tlog\wmimofck.write.1.tlog
